<?xml version="1.0" encoding="UTF-8"?>
<!-- Generated by org.testng.reporters.JUnitReportReporter -->
<testsuite hostname="Aminul-Laptop" failures="0" tests="3" name="runner.Testrunner" time="14.751" errors="0" timestamp="29 Oct 2023 18:04:04 GMT" skipped="0">
  <testcase classname="runner.Testrunner" name="runScenario" time="6.064"/>
  <testcase classname="runner.Testrunner" name="runScenario" time="4.626"/>
  <testcase classname="runner.Testrunner" name="runScenario" time="4.061"/>
</testsuite> <!-- runner.Testrunner -->
