<?xml version="1.0" encoding="UTF-8"?>
<!-- Generated by org.testng.reporters.JUnitReportReporter -->
<testsuite hostname="Aminul-Laptop" failures="0" tests="3" name="runner.Testrunner" time="7.659" errors="0" timestamp="07 Oct 2023 20:34:57 GMT" skipped="0">
  <testcase classname="runner.Testrunner" name="runScenario" time="3.188"/>
  <testcase classname="runner.Testrunner" name="runScenario" time="2.145"/>
  <testcase classname="runner.Testrunner" name="runScenario" time="2.326"/>
</testsuite> <!-- runner.Testrunner -->
